<?xml version="1.0" encoding="utf-8"?>
<TestRun id="25d07410-ca1b-42b7-b7c9-19f613d23c36" name="TECHNOSELLERS@DESKTOP-6I1C9BG 2026-09-07 19:01:46" runUser="DESKTOP-6I1C9BG\TECHNOSELLERS" xmlns="http://microsoft.com/schemas/VisualStudio/TeamTest/2010">
  <Times creation="2026-09-07T19:01:46.8378209+10:00" queuing="2026-09-07T19:01:46.8378212+10:00" start="2026-09-07T19:01:35.1564431+10:00" finish="2026-09-07T19:01:49.5701090+10:00" />
  <TestSettings name="default" id="8f8e7a4e-3a2e-4a80-8fae-b9a8b3c8c65d">
    <Deployment runDeploymentRoot="TECHNOSELLERS_DESKTOP-6I1C9BG_2026-09-07_19_01_46" />
  </TestSettings>
  <Results>
    <UnitTestResult executionId="b47e7f99-c03e-4955-bec4-28c37f0209f6" testId="7e8c9c14-2cf4-0afa-eccf-6751cc2db7a0" testName="ToDoApp.Tests.TodoSmokeTests.CreateTodo_CreatesNewTaskSuccessfully" computerName="DESKTOP-6I1C9BG" duration="00:00:09.5977865" startTime="2026-09-07T19:01:46.7603825+10:00" endTime="2026-09-07T19:01:46.7604095+10:00" testType="13cdc9d9-ddb5-4fa4-a97d-d965ccfc6d4b" outcome="Passed" testListId="8c84fa94-04c1-424b-9868-57a2d4851a1d" relativeResultsDirectory="b47e7f99-c03e-4955-bec4-28c37f0209f6" />
    <UnitTestResult executionId="b66ccf02-1521-4775-9a4a-021db3e7d9dc" testId="06a8eb55-4770-b6bb-b434-46c82eeddee6" testName="ToDoApp.Tests.TodoSmokeTests.TodoApp_HomePage_LoadsSuccessfully" computerName="DESKTOP-6I1C9BG" duration="00:00:02.6138604" startTime="2026-09-07T19:01:49.3761238+10:00" endTime="2026-09-07T19:01:49.3761242+10:00" testType="13cdc9d9-ddb5-4fa4-a97d-d965ccfc6d4b" outcome="Passed" testListId="8c84fa94-04c1-424b-9868-57a2d4851a1d" relativeResultsDirectory="b66ccf02-1521-4775-9a4a-021db3e7d9dc" />
  </Results>
  <TestDefinitions>
    <UnitTest name="ToDoApp.Tests.TodoSmokeTests.TodoApp_HomePage_LoadsSuccessfully" storage="c:\khurshed\code\todoapp\todoapp\todoapp.tests\bin\debug\net9.0\todoapp.tests.dll" id="06a8eb55-4770-b6bb-b434-46c82eeddee6">
      <Execution id="b66ccf02-1521-4775-9a4a-021db3e7d9dc" />
      <TestMethod codeBase="C:\Khurshed\Code\ToDoApp\ToDoApp\ToDoApp.Tests\bin\Debug\net9.0\ToDoApp.Tests.dll" adapterTypeName="executor://xunit/VsTestRunner2/netcoreapp" className="ToDoApp.Tests.TodoSmokeTests" name="TodoApp_HomePage_LoadsSuccessfully" />
    </UnitTest>
    <UnitTest name="ToDoApp.Tests.TodoSmokeTests.CreateTodo_CreatesNewTaskSuccessfully" storage="c:\khurshed\code\todoapp\todoapp\todoapp.tests\bin\debug\net9.0\todoapp.tests.dll" id="7e8c9c14-2cf4-0afa-eccf-6751cc2db7a0">
      <Execution id="b47e7f99-c03e-4955-bec4-28c37f0209f6" />
      <TestMethod codeBase="C:\Khurshed\Code\ToDoApp\ToDoApp\ToDoApp.Tests\bin\Debug\net9.0\ToDoApp.Tests.dll" adapterTypeName="executor://xunit/VsTestRunner2/netcoreapp" className="ToDoApp.Tests.TodoSmokeTests" name="CreateTodo_CreatesNewTaskSuccessfully" />
    </UnitTest>
  </TestDefinitions>
  <TestEntries>
    <TestEntry testId="7e8c9c14-2cf4-0afa-eccf-6751cc2db7a0" executionId="b47e7f99-c03e-4955-bec4-28c37f0209f6" testListId="8c84fa94-04c1-424b-9868-57a2d4851a1d" />
    <TestEntry testId="06a8eb55-4770-b6bb-b434-46c82eeddee6" executionId="b66ccf02-1521-4775-9a4a-021db3e7d9dc" testListId="8c84fa94-04c1-424b-9868-57a2d4851a1d" />
  </TestEntries>
  <TestLists>
    <TestList name="Results Not in a List" id="8c84fa94-04c1-424b-9868-57a2d4851a1d" />
    <TestList name="All Loaded Results" id="19431567-8539-422a-85d7-44ee4e166bda" />
  </TestLists>
  <ResultSummary outcome="Completed">
    <Counters total="2" executed="2" passed="2" failed="0" error="0" timeout="0" aborted="0" inconclusive="0" passedButRunAborted="0" notRunnable="0" notExecuted="0" disconnected="0" warning="0" completed="0" inProgress="0" pending="0" />
    <Output>
      <StdOut>[xUnit.net 00:00:00.00] xUnit.net VSTest Adapter v2.8.2+699d445a1a (64-bit .NET 9.0.19)&#xD;
[xUnit.net 00:00:00.27]   Discovering: ToDoApp.Tests&#xD;
[xUnit.net 00:00:00.43]   Discovered:  ToDoApp.Tests&#xD;
[xUnit.net 00:00:00.44]   Starting:    ToDoApp.Tests&#xD;
[xUnit.net 00:00:12.89]   Finished:    ToDoApp.Tests&#xD;
</StdOut>
    </Output>
  </ResultSummary>
</TestRun>